<?xml version="1.0" encoding="UTF-8"?>
<!-- Generated by org.testng.reporters.JUnitReportReporter -->
<testsuite skipped="0" hostname="DESKTOP-2DTGKL6" name="facebook.main.TestBase" tests="1" failures="0" timestamp="2020-01-12T15:53:38 PST" time="14.042" errors="0">
  <testcase name="RunTests" time="14.042" classname="facebook.main.TestBase"/>
</testsuite> <!-- facebook.main.TestBase -->
