<?xml version="1.0" encoding="UTF-8"?>
<!-- Generated by org.testng.reporters.JUnitReportReporter -->
<testsuite skipped="0" hostname="DESKTOP-2DTGKL6" name="facebook.main.TestBase" tests="1" failures="0" timestamp="2020-01-15T00:56:01 PST" time="38.228" errors="0">
  <testcase name="RunTests" time="38.228" classname="facebook.main.TestBase"/>
</testsuite> <!-- facebook.main.TestBase -->
