<?xml version="1.0" encoding="UTF-8"?>
<!-- Generated by org.testng.reporters.JUnitReportReporter -->
<testsuite skipped="0" hostname="DESKTOP-2DTGKL6" name="facebook.main.TestBase" tests="1" failures="0" timestamp="2020-01-11T11:15:55 PST" time="19.817" errors="0">
  <testcase name="RunTests" time="19.817" classname="facebook.main.TestBase"/>
</testsuite> <!-- facebook.main.TestBase -->
