<?xml version="1.0" encoding="UTF-8"?>
<!-- Generated by org.testng.reporters.JUnitReportReporter -->
<testsuite skipped="0" hostname="DESKTOP-2DTGKL6" name="com.automation.facebook.main.TestBase" tests="1" failures="0" timestamp="2020-01-20T23:35:05 PST" time="17.469" errors="0">
  <testcase name="RunTests" time="17.469" classname="com.automation.facebook.main.TestBase"/>
</testsuite> <!-- com.automation.facebook.main.TestBase -->
