<?xml version="1.0" encoding="UTF-8"?>
<!-- Generated by org.testng.reporters.JUnitReportReporter -->
<testsuite skipped="0" hostname="DESKTOP-2DTGKL6" name="com.automation.facebook.main.TestBase" tests="1" failures="0" timestamp="2020-01-15T11:39:18 PST" time="37.308" errors="0">
  <testcase name="RunTests" time="37.308" classname="com.automation.facebook.main.TestBase"/>
</testsuite> <!-- com.automation.facebook.main.TestBase -->
